<?xml version="1.0" encoding="utf-8"?>
<!DOCTYPE coverage SYSTEM "http://cobertura.sourceforge.net/xml/coverage-04.dtd">
<coverage line-rate="0.8732394366197183" branch-rate="0.8181818181818182" lines-covered="62" lines-valid="71" branches-covered="18" branches-valid="22" complexity="23" version="0" timestamp="1637925497">
  <sources>
    <source>C:\</source>
  </sources>
  <packages>
    <package name="StringLibrary" line-rate="0.5555555555555556" branch-rate="0.5" complexity="8">
      <classes>
        <class name="UtilityLibraries.StringLibrary" filename="C:\WORK\Proyectos Elaborados Pruebas\UtilityLibraries\StringLibrary\StringLibrary.cs" line-rate="0.5555555555555556" branch-rate="0.5" complexity="8">
          <methods>
            <method name="StartsWithUpper" signature="(...)" line-rate="1" branch-rate="1" complexity="2">
              <lines>
                <line number="9" hits="16" branch="false" />
                <line number="10" hits="16" branch="true" condition-coverage="100% (2/2)" />
                <line number="11" hits="3" branch="false" />
                <line number="13" hits="13" branch="false" />
                <line number="14" hits="16" branch="false" />
              </lines>
            </method>
            <method name="StartsWithLower" signature="(...)" line-rate="1" branch-rate="1" complexity="2">
              <lines>
                <line number="17" hits="16" branch="false" />
                <line number="18" hits="16" branch="true" condition-coverage="100% (2/2)" />
                <line number="19" hits="3" branch="false" />
                <line number="21" hits="13" branch="false" />
                <line number="22" hits="16" branch="false" />
              </lines>
            </method>
            <method name="HasEmbeddedSpaces" signature="(...)" line-rate="0" branch-rate="0" complexity="4">
              <lines>
                <line number="25" hits="0" branch="false" />
                <line number="26" hits="0" branch="true" condition-coverage="0% (0/2)" />
                <line number="27" hits="0" branch="false" />
                <line number="28" hits="0" branch="true" condition-coverage="0% (0/2)" />
                <line number="29" hits="0" branch="false" />
                <line number="30" hits="0" branch="false" />
                <line number="31" hits="0" branch="false" />
                <line number="32" hits="0" branch="false" />
              </lines>
            </method>
          </methods>
          <lines>
            <line number="9" hits="16" branch="false" />
            <line number="10" hits="16" branch="true" condition-coverage="100% (2/2)" />
            <line number="11" hits="3" branch="false" />
            <line number="13" hits="13" branch="false" />
            <line number="14" hits="16" branch="false" />
            <line number="17" hits="16" branch="false" />
            <line number="18" hits="16" branch="true" condition-coverage="100% (2/2)" />
            <line number="19" hits="3" branch="false" />
            <line number="21" hits="13" branch="false" />
            <line number="22" hits="16" branch="false" />
            <line number="25" hits="0" branch="false" />
            <line number="26" hits="0" branch="true" condition-coverage="0% (0/2)" />
            <line number="27" hits="0" branch="false" />
            <line number="28" hits="0" branch="true" condition-coverage="0% (0/2)" />
            <line number="29" hits="0" branch="false" />
            <line number="30" hits="0" branch="false" />
            <line number="31" hits="0" branch="false" />
            <line number="32" hits="0" branch="false" />
          </lines>
        </class>
      </classes>
    </package>
    <package name="StringLibraryTests" line-rate="0.9811320754716981" branch-rate="1" complexity="15">
      <classes>
        <class name="AutoGeneratedProgram" filename="C:\Users\vmedellin\.nuget\packages\microsoft.net.test.sdk\16.9.4\build\netcoreapp2.1\Microsoft.NET.Test.Sdk.Program.cs" line-rate="0" branch-rate="1" complexity="1">
          <methods>
            <method name="Main" signature="(...)" line-rate="0" branch-rate="1" complexity="1">
              <lines>
                <line number="4" hits="0" branch="false" />
              </lines>
            </method>
          </methods>
          <lines>
            <line number="4" hits="0" branch="false" />
          </lines>
        </class>
        <class name="StringLibraryTests.UnitTest1" filename="C:\WORK\Proyectos Elaborados Pruebas\UtilityLibraries\StringLibraryTests\UnitTest1.cs" line-rate="1" branch-rate="1" complexity="14">
          <methods>
            <method name="TestStartsWithUpper" signature="()" line-rate="1" branch-rate="1" complexity="2">
              <lines>
                <line number="12" hits="1" branch="false" />
                <line number="14" hits="1" branch="false" />
                <line number="15" hits="13" branch="true" condition-coverage="100% (2/2)" />
                <line number="16" hits="5" branch="false" />
                <line number="17" hits="5" branch="false" />
                <line number="18" hits="5" branch="false" />
                <line number="19" hits="5" branch="false" />
                <line number="20" hits="5" branch="false" />
                <line number="21" hits="1" branch="false" />
              </lines>
            </method>
            <method name="TestDoesNotStartWithUpper" signature="()" line-rate="1" branch-rate="1" complexity="2">
              <lines>
                <line number="25" hits="1" branch="false" />
                <line number="27" hits="1" branch="false" />
                <line number="28" hits="1" branch="false" />
                <line number="29" hits="21" branch="true" condition-coverage="100% (2/2)" />
                <line number="30" hits="9" branch="false" />
                <line number="31" hits="9" branch="false" />
                <line number="32" hits="9" branch="false" />
                <line number="33" hits="9" branch="false" />
                <line number="34" hits="9" branch="false" />
                <line number="35" hits="1" branch="false" />
              </lines>
            </method>
            <method name="DirectCallWithNullOrEmpty" signature="()" line-rate="1" branch-rate="1" complexity="6">
              <lines>
                <line number="39" hits="1" branch="false" />
                <line number="41" hits="1" branch="false" />
                <line number="42" hits="7" branch="true" condition-coverage="100% (2/2)" />
                <line number="43" hits="2" branch="false" />
                <line number="44" hits="2" branch="false" />
                <line number="45" hits="2" branch="true" condition-coverage="100% (2/2)" />
                <line number="46" hits="2" branch="false" />
                <line number="47" hits="2" branch="false" />
                <line number="48" hits="2" branch="false" />
                <line number="49" hits="2" branch="true" condition-coverage="100% (2/2)" />
                <line number="50" hits="2" branch="false" />
                <line number="51" hits="2" branch="false" />
                <line number="52" hits="2" branch="false" />
                <line number="53" hits="1" branch="false" />
              </lines>
            </method>
            <method name="TestStartsWithLower" signature="()" line-rate="1" branch-rate="1" complexity="2">
              <lines>
                <line number="57" hits="1" branch="false" />
                <line number="59" hits="1" branch="false" />
                <line number="60" hits="13" branch="true" condition-coverage="100% (2/2)" />
                <line number="61" hits="5" branch="false" />
                <line number="62" hits="5" branch="false" />
                <line number="63" hits="5" branch="false" />
                <line number="64" hits="5" branch="false" />
                <line number="65" hits="5" branch="false" />
                <line number="66" hits="1" branch="false" />
              </lines>
            </method>
            <method name="TestDoesNotStartWithLower" signature="()" line-rate="1" branch-rate="1" complexity="2">
              <lines>
                <line number="70" hits="1" branch="false" />
                <line number="72" hits="1" branch="false" />
                <line number="73" hits="1" branch="false" />
                <line number="74" hits="21" branch="true" condition-coverage="100% (2/2)" />
                <line number="75" hits="9" branch="false" />
                <line number="76" hits="9" branch="false" />
                <line number="77" hits="9" branch="false" />
                <line number="78" hits="9" branch="false" />
                <line number="79" hits="9" branch="false" />
                <line number="80" hits="1" branch="false" />
              </lines>
            </method>
          </methods>
          <lines>
            <line number="12" hits="1" branch="false" />
            <line number="14" hits="1" branch="false" />
            <line number="15" hits="13" branch="true" condition-coverage="100% (2/2)" />
            <line number="16" hits="5" branch="false" />
            <line number="17" hits="5" branch="false" />
            <line number="18" hits="5" branch="false" />
            <line number="19" hits="5" branch="false" />
            <line number="20" hits="5" branch="false" />
            <line number="21" hits="1" branch="false" />
            <line number="25" hits="1" branch="false" />
            <line number="27" hits="1" branch="false" />
            <line number="28" hits="1" branch="false" />
            <line number="29" hits="21" branch="true" condition-coverage="100% (2/2)" />
            <line number="30" hits="9" branch="false" />
            <line number="31" hits="9" branch="false" />
            <line number="32" hits="9" branch="false" />
            <line number="33" hits="9" branch="false" />
            <line number="34" hits="9" branch="false" />
            <line number="35" hits="1" branch="false" />
            <line number="39" hits="1" branch="false" />
            <line number="41" hits="1" branch="false" />
            <line number="42" hits="7" branch="true" condition-coverage="100% (2/2)" />
            <line number="43" hits="2" branch="false" />
            <line number="44" hits="2" branch="false" />
            <line number="45" hits="2" branch="true" condition-coverage="100% (2/2)" />
            <line number="46" hits="2" branch="false" />
            <line number="47" hits="2" branch="false" />
            <line number="48" hits="2" branch="false" />
            <line number="49" hits="2" branch="true" condition-coverage="100% (2/2)" />
            <line number="50" hits="2" branch="false" />
            <line number="51" hits="2" branch="false" />
            <line number="52" hits="2" branch="false" />
            <line number="53" hits="1" branch="false" />
            <line number="57" hits="1" branch="false" />
            <line number="59" hits="1" branch="false" />
            <line number="60" hits="13" branch="true" condition-coverage="100% (2/2)" />
            <line number="61" hits="5" branch="false" />
            <line number="62" hits="5" branch="false" />
            <line number="63" hits="5" branch="false" />
            <line number="64" hits="5" branch="false" />
            <line number="65" hits="5" branch="false" />
            <line number="66" hits="1" branch="false" />
            <line number="70" hits="1" branch="false" />
            <line number="72" hits="1" branch="false" />
            <line number="73" hits="1" branch="false" />
            <line number="74" hits="21" branch="true" condition-coverage="100% (2/2)" />
            <line number="75" hits="9" branch="false" />
            <line number="76" hits="9" branch="false" />
            <line number="77" hits="9" branch="false" />
            <line number="78" hits="9" branch="false" />
            <line number="79" hits="9" branch="false" />
            <line number="80" hits="1" branch="false" />
          </lines>
        </class>
      </classes>
    </package>
  </packages>
</coverage>