TpTrace Verbose: 0 : 45132, 1, 2021/11/26, 11:18:13.324, 5878332171320, vstest.console.dll, Version: 16.11.0
TpTrace Information: 0 : 45132, 1, 2021/11/26, 11:18:13.331, 5878332219444, vstest.console.dll, FilePatternParser: The given file C:\WORK\Proyectos Elaborados Pruebas\UtilityLibraries\StringLibraryTests\bin\Debug\net5.0\fine-code-coverage\build-output\StringLibraryTests.dll is a full path.
TpTrace Verbose: 0 : 45132, 1, 2021/11/26, 11:18:13.335, 5878332260335, vstest.console.dll, TestPluginCache.DiscoverTestExtensions: finding test extensions in assemblies ends with: RuntimeProvider.dll TPluginInfo: Microsoft.VisualStudio.TestPlatform.Common.ExtensionFramework.Utilities.TestRuntimePluginInformation TExtension: Microsoft.VisualStudio.TestPlatform.ObjectModel.Host.ITestRuntimeProvider
TpTrace Verbose: 0 : 45132, 1, 2021/11/26, 11:18:13.338, 5878332291185, vstest.console.dll, TestPluginCache.GetExtensionPaths: Filtered extension paths: 
TpTrace Verbose: 0 : 45132, 1, 2021/11/26, 11:18:13.338, 5878332291893, vstest.console.dll, TestPluginCache.GetExtensionPaths: Added default extension paths: C:\Program Files\dotnet\sdk\5.0.403\Extensions\Microsoft.Diagnostics.NETCore.Client.dll
C:\Program Files\dotnet\sdk\5.0.403\Extensions\Microsoft.TestPlatform.Extensions.BlameDataCollector.dll
C:\Program Files\dotnet\sdk\5.0.403\Extensions\Microsoft.TestPlatform.Extensions.EventLogCollector.dll
C:\Program Files\dotnet\sdk\5.0.403\Extensions\Microsoft.TestPlatform.TestHostRuntimeProvider.dll
C:\Program Files\dotnet\sdk\5.0.403\Extensions\Microsoft.VisualStudio.TestPlatform.Extensions.Html.TestLogger.dll
C:\Program Files\dotnet\sdk\5.0.403\Extensions\Microsoft.VisualStudio.TestPlatform.Extensions.Trx.TestLogger.dll
TpTrace Verbose: 0 : 45132, 1, 2021/11/26, 11:18:13.338, 5878332292209, vstest.console.dll, TestPluginCache.GetExtensionPaths: Added unfilterableExtensionPaths: 
TpTrace Information: 0 : 45132, 1, 2021/11/26, 11:18:13.338, 5878332297222, vstest.console.dll, AssemblyResolver.ctor: Creating AssemblyResolver with searchDirectories C:\Program Files\dotnet\sdk\5.0.403\Extensions,C:\Program Files\dotnet\sdk\5.0.403
TpTrace Verbose: 0 : 45132, 1, 2021/11/26, 11:18:13.339, 5878332303374, vstest.console.dll, TestPluginCache.DiscoverTestExtensions: Discovering the extensions using extension path.
TpTrace Verbose: 0 : 45132, 1, 2021/11/26, 11:18:13.339, 5878332304102, vstest.console.dll, TestPluginCache.GetExtensionPaths: Filtered extension paths: 
TpTrace Verbose: 0 : 45132, 1, 2021/11/26, 11:18:13.339, 5878332304401, vstest.console.dll, TestPluginCache.GetExtensionPaths: Added default extension paths: C:\Program Files\dotnet\sdk\5.0.403\Extensions\Microsoft.Diagnostics.NETCore.Client.dll
C:\Program Files\dotnet\sdk\5.0.403\Extensions\Microsoft.TestPlatform.Extensions.BlameDataCollector.dll
C:\Program Files\dotnet\sdk\5.0.403\Extensions\Microsoft.TestPlatform.Extensions.EventLogCollector.dll
C:\Program Files\dotnet\sdk\5.0.403\Extensions\Microsoft.TestPlatform.TestHostRuntimeProvider.dll
C:\Program Files\dotnet\sdk\5.0.403\Extensions\Microsoft.VisualStudio.TestPlatform.Extensions.Html.TestLogger.dll
C:\Program Files\dotnet\sdk\5.0.403\Extensions\Microsoft.VisualStudio.TestPlatform.Extensions.Trx.TestLogger.dll
TpTrace Verbose: 0 : 45132, 1, 2021/11/26, 11:18:13.339, 5878332304676, vstest.console.dll, TestPluginCache.GetExtensionPaths: Added unfilterableExtensionPaths: 
TpTrace Verbose: 0 : 45132, 1, 2021/11/26, 11:18:13.339, 5878332305084, vstest.console.dll, TestPluginCache.DiscoverTestExtensions: Discovering the extensions using allExtensionPaths: C:\Program Files\dotnet\sdk\5.0.403\Extensions\Microsoft.Diagnostics.NETCore.Client.dll
C:\Program Files\dotnet\sdk\5.0.403\Extensions\Microsoft.TestPlatform.Extensions.BlameDataCollector.dll
C:\Program Files\dotnet\sdk\5.0.403\Extensions\Microsoft.TestPlatform.Extensions.EventLogCollector.dll
C:\Program Files\dotnet\sdk\5.0.403\Extensions\Microsoft.TestPlatform.TestHostRuntimeProvider.dll
C:\Program Files\dotnet\sdk\5.0.403\Extensions\Microsoft.VisualStudio.TestPlatform.Extensions.Html.TestLogger.dll
C:\Program Files\dotnet\sdk\5.0.403\Extensions\Microsoft.VisualStudio.TestPlatform.Extensions.Trx.TestLogger.dll
TpTrace Information: 0 : 45132, 1, 2021/11/26, 11:18:13.339, 5878332305974, vstest.console.dll, AssemblyResolver.AddSearchDirectories: Adding more searchDirectories C:\Program Files\dotnet\sdk\5.0.403\Extensions,C:\Program Files\dotnet\sdk\5.0.403
TpTrace Information: 0 : 45132, 1, 2021/11/26, 11:18:13.339, 5878332306403, vstest.console.dll, AssemblyResolver.AddSearchDirectories: Adding more searchDirectories C:\Program Files\dotnet\sdk\5.0.403\Extensions,C:\Program Files\dotnet\sdk\5.0.403
TpTrace Information: 0 : 45132, 1, 2021/11/26, 11:18:13.339, 5878332306685, vstest.console.dll, AssemblyResolver.AddSearchDirectories: Adding more searchDirectories C:\Program Files\dotnet\sdk\5.0.403\Extensions,C:\Program Files\dotnet\sdk\5.0.403
TpTrace Information: 0 : 45132, 1, 2021/11/26, 11:18:13.339, 5878332306940, vstest.console.dll, AssemblyResolver.AddSearchDirectories: Adding more searchDirectories C:\Program Files\dotnet\sdk\5.0.403\Extensions,C:\Program Files\dotnet\sdk\5.0.403
TpTrace Information: 0 : 45132, 1, 2021/11/26, 11:18:13.339, 5878332307166, vstest.console.dll, AssemblyResolver.AddSearchDirectories: Adding more searchDirectories C:\Program Files\dotnet\sdk\5.0.403\Extensions,C:\Program Files\dotnet\sdk\5.0.403
TpTrace Information: 0 : 45132, 1, 2021/11/26, 11:18:13.339, 5878332307380, vstest.console.dll, AssemblyResolver.AddSearchDirectories: Adding more searchDirectories C:\Program Files\dotnet\sdk\5.0.403\Extensions,C:\Program Files\dotnet\sdk\5.0.403
TpTrace Information: 0 : 45132, 1, 2021/11/26, 11:18:13.340, 5878332309573, vstest.console.dll, AssemblyResolver.OnResolve: Microsoft.Diagnostics.NETCore.Client: Resolving assembly.
TpTrace Information: 0 : 45132, 1, 2021/11/26, 11:18:13.340, 5878332310013, vstest.console.dll, AssemblyResolver.OnResolve: Microsoft.Diagnostics.NETCore.Client: Searching in: 'C:\Program Files\dotnet\sdk\5.0.403\Extensions'.
TpTrace Information: 0 : 45132, 1, 2021/11/26, 11:18:13.340, 5878332312591, vstest.console.dll, AssemblyResolver.OnResolve: Microsoft.Diagnostics.NETCore.Client: Loading assembly 'C:\Program Files\dotnet\sdk\5.0.403\Extensions\Microsoft.Diagnostics.NETCore.Client.dll'.
TpTrace Information: 0 : 45132, 1, 2021/11/26, 11:18:13.340, 5878332316503, vstest.console.dll, AssemblyResolver.OnResolve: Resolved assembly: Microsoft.Diagnostics.NETCore.Client, from path: C:\Program Files\dotnet\sdk\5.0.403\Extensions\Microsoft.Diagnostics.NETCore.Client.dll
TpTrace Information: 0 : 45132, 1, 2021/11/26, 11:18:13.342, 5878332333242, vstest.console.dll, AssemblyResolver.OnResolve: Microsoft.Bcl.AsyncInterfaces: Resolving assembly.
TpTrace Information: 0 : 45132, 1, 2021/11/26, 11:18:13.342, 5878332333652, vstest.console.dll, AssemblyResolver.OnResolve: Microsoft.Bcl.AsyncInterfaces: Searching in: 'C:\Program Files\dotnet\sdk\5.0.403\Extensions'.
TpTrace Information: 0 : 45132, 1, 2021/11/26, 11:18:13.342, 5878332334292, vstest.console.dll, AssemblyResolver.OnResolve: Microsoft.Bcl.AsyncInterfaces: Assembly path does not exist: 'C:\Program Files\dotnet\sdk\5.0.403\Extensions\Microsoft.Bcl.AsyncInterfaces.dll', returning.
TpTrace Information: 0 : 45132, 1, 2021/11/26, 11:18:13.342, 5878332334810, vstest.console.dll, AssemblyResolver.OnResolve: Microsoft.Bcl.AsyncInterfaces: Assembly path does not exist: 'C:\Program Files\dotnet\sdk\5.0.403\Extensions\Microsoft.Bcl.AsyncInterfaces.exe', returning.
TpTrace Information: 0 : 45132, 1, 2021/11/26, 11:18:13.342, 5878332335060, vstest.console.dll, AssemblyResolver.OnResolve: Microsoft.Bcl.AsyncInterfaces: Searching in: 'C:\Program Files\dotnet\sdk\5.0.403'.
TpTrace Information: 0 : 45132, 1, 2021/11/26, 11:18:13.342, 5878332335578, vstest.console.dll, AssemblyResolver.OnResolve: Microsoft.Bcl.AsyncInterfaces: Assembly path does not exist: 'C:\Program Files\dotnet\sdk\5.0.403\Microsoft.Bcl.AsyncInterfaces.dll', returning.
TpTrace Information: 0 : 45132, 1, 2021/11/26, 11:18:13.342, 5878332336090, vstest.console.dll, AssemblyResolver.OnResolve: Microsoft.Bcl.AsyncInterfaces: Assembly path does not exist: 'C:\Program Files\dotnet\sdk\5.0.403\Microsoft.Bcl.AsyncInterfaces.exe', returning.
TpTrace Information: 0 : 45132, 1, 2021/11/26, 11:18:13.342, 5878332336530, vstest.console.dll, AssemblyResolver.OnResolve: Microsoft.Bcl.AsyncInterfaces: Failed to load assembly.
TpTrace Verbose: 0 : 45132, 1, 2021/11/26, 11:18:13.342, 5878332336844, vstest.console.dll, CurrentDomainAssemblyResolve: Resolving assembly 'Microsoft.Bcl.AsyncInterfaces'.
TpTrace Information: 0 : 45132, 1, 2021/11/26, 11:18:13.342, 5878332337261, vstest.console.dll, AssemblyResolver.OnResolve: Microsoft.Bcl.AsyncInterfaces: Resolving assembly.
TpTrace Information: 0 : 45132, 1, 2021/11/26, 11:18:13.342, 5878332337531, vstest.console.dll, AssemblyResolver.OnResolve: Microsoft.Bcl.AsyncInterfaces: Resolved from cache.
TpTrace Verbose: 0 : 45132, 1, 2021/11/26, 11:18:13.343, 5878332337796, vstest.console.dll, CurrentDomainAssemblyResolve: Resolving assembly 'Microsoft.Bcl.AsyncInterfaces'.
TpTrace Verbose: 0 : 45132, 1, 2021/11/26, 11:18:13.343, 5878332338060, vstest.console.dll, CurrentDomainAssemblyResolve: Failed to resolve assembly 'Microsoft.Bcl.AsyncInterfaces'.
TpTrace Verbose: 0 : 45132, 1, 2021/11/26, 11:18:13.343, 5878332344553, vstest.console.dll, CurrentDomainAssemblyResolve: Failed to resolve assembly 'Microsoft.Bcl.AsyncInterfaces'.
TpTrace Warning: 0 : 45132, 1, 2021/11/26, 11:18:13.352, 5878332428498, vstest.console.dll, TestPluginDiscoverer: Failed to get types from assembly 'Microsoft.Diagnostics.NETCore.Client, Version=0.2.2.41902, Culture=neutral, PublicKeyToken=31bf3856ad364e35'.  Skipping test extension scan for this assembly.  Error: System.Reflection.ReflectionTypeLoadException: Unable to load one or more of the requested types.
Could not load file or assembly 'Microsoft.Bcl.AsyncInterfaces, Version=1.0.0.0, Culture=neutral, PublicKeyToken=cc7b13ffcd2ddd51'. El sistema no puede encontrar el archivo especificado.
   at System.Reflection.RuntimeModule.GetTypes(RuntimeModule module)
   at System.Reflection.RuntimeModule.GetTypes()
   at System.Reflection.Assembly.GetTypes()
   at Microsoft.VisualStudio.TestPlatform.Common.ExtensionFramework.TestPluginDiscoverer.GetTestExtensionsFromAssembly[TPluginInfo,TExtension](Assembly assembly, Dictionary`2 pluginInfos)
System.IO.FileNotFoundException: Could not load file or assembly 'Microsoft.Bcl.AsyncInterfaces, Version=1.0.0.0, Culture=neutral, PublicKeyToken=cc7b13ffcd2ddd51'. El sistema no puede encontrar el archivo especificado.
File name: 'Microsoft.Bcl.AsyncInterfaces, Version=1.0.0.0, Culture=neutral, PublicKeyToken=cc7b13ffcd2ddd51'
TpTrace Warning: 0 : 45132, 1, 2021/11/26, 11:18:13.352, 5878332429100, vstest.console.dll, LoaderExceptions: System.IO.FileNotFoundException: Could not load file or assembly 'Microsoft.Bcl.AsyncInterfaces, Version=1.0.0.0, Culture=neutral, PublicKeyToken=cc7b13ffcd2ddd51'. El sistema no puede encontrar el archivo especificado.
File name: 'Microsoft.Bcl.AsyncInterfaces, Version=1.0.0.0, Culture=neutral, PublicKeyToken=cc7b13ffcd2ddd51'
TpTrace Information: 0 : 45132, 1, 2021/11/26, 11:18:13.352, 5878332429767, vstest.console.dll, AssemblyResolver.OnResolve: Microsoft.TestPlatform.Extensions.BlameDataCollector: Resolving assembly.
TpTrace Information: 0 : 45132, 1, 2021/11/26, 11:18:13.352, 5878332430055, vstest.console.dll, AssemblyResolver.OnResolve: Microsoft.TestPlatform.Extensions.BlameDataCollector: Searching in: 'C:\Program Files\dotnet\sdk\5.0.403\Extensions'.
TpTrace Information: 0 : 45132, 1, 2021/11/26, 11:18:13.352, 5878332431901, vstest.console.dll, AssemblyResolver.OnResolve: Microsoft.TestPlatform.Extensions.BlameDataCollector: Loading assembly 'C:\Program Files\dotnet\sdk\5.0.403\Extensions\Microsoft.TestPlatform.Extensions.BlameDataCollector.dll'.
TpTrace Information: 0 : 45132, 1, 2021/11/26, 11:18:13.352, 5878332435027, vstest.console.dll, AssemblyResolver.OnResolve: Resolved assembly: Microsoft.TestPlatform.Extensions.BlameDataCollector, from path: C:\Program Files\dotnet\sdk\5.0.403\Extensions\Microsoft.TestPlatform.Extensions.BlameDataCollector.dll
TpTrace Information: 0 : 45132, 1, 2021/11/26, 11:18:13.353, 5878332438688, vstest.console.dll, AssemblyResolver.OnResolve: Microsoft.TestPlatform.Extensions.EventLogCollector: Resolving assembly.
TpTrace Information: 0 : 45132, 1, 2021/11/26, 11:18:13.353, 5878332439115, vstest.console.dll, AssemblyResolver.OnResolve: Microsoft.TestPlatform.Extensions.EventLogCollector: Searching in: 'C:\Program Files\dotnet\sdk\5.0.403\Extensions'.
TpTrace Information: 0 : 45132, 1, 2021/11/26, 11:18:13.353, 5878332440836, vstest.console.dll, AssemblyResolver.OnResolve: Microsoft.TestPlatform.Extensions.EventLogCollector: Loading assembly 'C:\Program Files\dotnet\sdk\5.0.403\Extensions\Microsoft.TestPlatform.Extensions.EventLogCollector.dll'.
TpTrace Information: 0 : 45132, 1, 2021/11/26, 11:18:13.353, 5878332443369, vstest.console.dll, AssemblyResolver.OnResolve: Resolved assembly: Microsoft.TestPlatform.Extensions.EventLogCollector, from path: C:\Program Files\dotnet\sdk\5.0.403\Extensions\Microsoft.TestPlatform.Extensions.EventLogCollector.dll
TpTrace Information: 0 : 45132, 1, 2021/11/26, 11:18:13.354, 5878332453606, vstest.console.dll, AssemblyResolver.OnResolve: Microsoft.TestPlatform.TestHostRuntimeProvider: Resolving assembly.
TpTrace Information: 0 : 45132, 1, 2021/11/26, 11:18:13.354, 5878332453991, vstest.console.dll, AssemblyResolver.OnResolve: Microsoft.TestPlatform.TestHostRuntimeProvider: Searching in: 'C:\Program Files\dotnet\sdk\5.0.403\Extensions'.
TpTrace Information: 0 : 45132, 1, 2021/11/26, 11:18:13.354, 5878332455719, vstest.console.dll, AssemblyResolver.OnResolve: Microsoft.TestPlatform.TestHostRuntimeProvider: Loading assembly 'C:\Program Files\dotnet\sdk\5.0.403\Extensions\Microsoft.TestPlatform.TestHostRuntimeProvider.dll'.
TpTrace Information: 0 : 45132, 1, 2021/11/26, 11:18:13.355, 5878332458597, vstest.console.dll, AssemblyResolver.OnResolve: Resolved assembly: Microsoft.TestPlatform.TestHostRuntimeProvider, from path: C:\Program Files\dotnet\sdk\5.0.403\Extensions\Microsoft.TestPlatform.TestHostRuntimeProvider.dll
TpTrace Information: 0 : 45132, 1, 2021/11/26, 11:18:13.355, 5878332465329, vstest.console.dll, AssemblyResolver.OnResolve: Microsoft.VisualStudio.TestPlatform.Extensions.Html.TestLogger: Resolving assembly.
TpTrace Information: 0 : 45132, 1, 2021/11/26, 11:18:13.355, 5878332465710, vstest.console.dll, AssemblyResolver.OnResolve: Microsoft.VisualStudio.TestPlatform.Extensions.Html.TestLogger: Searching in: 'C:\Program Files\dotnet\sdk\5.0.403\Extensions'.
TpTrace Information: 0 : 45132, 1, 2021/11/26, 11:18:13.355, 5878332467448, vstest.console.dll, AssemblyResolver.OnResolve: Microsoft.VisualStudio.TestPlatform.Extensions.Html.TestLogger: Loading assembly 'C:\Program Files\dotnet\sdk\5.0.403\Extensions\Microsoft.VisualStudio.TestPlatform.Extensions.Html.TestLogger.dll'.
TpTrace Information: 0 : 45132, 1, 2021/11/26, 11:18:13.356, 5878332470403, vstest.console.dll, AssemblyResolver.OnResolve: Resolved assembly: Microsoft.VisualStudio.TestPlatform.Extensions.Html.TestLogger, from path: C:\Program Files\dotnet\sdk\5.0.403\Extensions\Microsoft.VisualStudio.TestPlatform.Extensions.Html.TestLogger.dll
TpTrace Information: 0 : 45132, 1, 2021/11/26, 11:18:13.356, 5878332472165, vstest.console.dll, AssemblyResolver.OnResolve: Microsoft.VisualStudio.TestPlatform.Extensions.Trx.TestLogger: Resolving assembly.
TpTrace Information: 0 : 45132, 1, 2021/11/26, 11:18:13.356, 5878332472553, vstest.console.dll, AssemblyResolver.OnResolve: Microsoft.VisualStudio.TestPlatform.Extensions.Trx.TestLogger: Searching in: 'C:\Program Files\dotnet\sdk\5.0.403\Extensions'.
TpTrace Information: 0 : 45132, 1, 2021/11/26, 11:18:13.356, 5878332474307, vstest.console.dll, AssemblyResolver.OnResolve: Microsoft.VisualStudio.TestPlatform.Extensions.Trx.TestLogger: Loading assembly 'C:\Program Files\dotnet\sdk\5.0.403\Extensions\Microsoft.VisualStudio.TestPlatform.Extensions.Trx.TestLogger.dll'.
TpTrace Information: 0 : 45132, 1, 2021/11/26, 11:18:13.356, 5878332477532, vstest.console.dll, AssemblyResolver.OnResolve: Resolved assembly: Microsoft.VisualStudio.TestPlatform.Extensions.Trx.TestLogger, from path: C:\Program Files\dotnet\sdk\5.0.403\Extensions\Microsoft.VisualStudio.TestPlatform.Extensions.Trx.TestLogger.dll
TpTrace Verbose: 0 : 45132, 1, 2021/11/26, 11:18:13.357, 5878332480465, vstest.console.dll, TestPluginCache: Discovered the extensions using extension path ''.
TpTrace Verbose: 0 : 45132, 1, 2021/11/26, 11:18:13.357, 5878332480837, vstest.console.dll, TestPluginCache: Discoverers are ''.
TpTrace Verbose: 0 : 45132, 1, 2021/11/26, 11:18:13.357, 5878332481051, vstest.console.dll, TestPluginCache: Executors are ''.
TpTrace Verbose: 0 : 45132, 1, 2021/11/26, 11:18:13.357, 5878332481238, vstest.console.dll, TestPluginCache: Executors2 are ''.
TpTrace Verbose: 0 : 45132, 1, 2021/11/26, 11:18:13.357, 5878332481427, vstest.console.dll, TestPluginCache: Setting providers are ''.
TpTrace Verbose: 0 : 45132, 1, 2021/11/26, 11:18:13.357, 5878332481609, vstest.console.dll, TestPluginCache: Loggers are ''.
TpTrace Information: 0 : 45132, 1, 2021/11/26, 11:18:13.360, 5878332509153, vstest.console.dll, RunTestsArgumentProcessor:Execute: Test run is starting.
TpTrace Verbose: 0 : 45132, 1, 2021/11/26, 11:18:13.360, 5878332509527, vstest.console.dll, RunTestsArgumentProcessor:Execute: Queuing Test run.
TpTrace Information: 0 : 45132, 1, 2021/11/26, 11:18:13.360, 5878332510599, vstest.console.dll, TestRequestManager.RunTests: run tests started.
TpTrace Information: 0 : 45132, 1, 2021/11/26, 11:18:13.362, 5878332529048, vstest.console.dll, AssemblyMetadataProvider.GetFrameWork: Determined framework:'.NETCoreApp,Version=v5.0' for source: 'C:\WORK\Proyectos Elaborados Pruebas\UtilityLibraries\StringLibraryTests\bin\Debug\net5.0\fine-code-coverage\build-output\StringLibraryTests.dll'
TpTrace Information: 0 : 45132, 1, 2021/11/26, 11:18:13.362, 5878332529980, vstest.console.dll, Determined framework for all sources: .NETCoreApp,Version=v5.0
TpTrace Information: 0 : 45132, 1, 2021/11/26, 11:18:13.362, 5878332532509, vstest.console.dll, AssemblyMetadataProvider.GetArchitecture: Determined architecture:AnyCPU info for assembly: C:\WORK\Proyectos Elaborados Pruebas\UtilityLibraries\StringLibraryTests\bin\Debug\net5.0\fine-code-coverage\build-output\StringLibraryTests.dll
TpTrace Information: 0 : 45132, 1, 2021/11/26, 11:18:13.363, 5878332543991, vstest.console.dll, Determined platform for all sources: X64
TpTrace Information: 0 : 45132, 1, 2021/11/26, 11:18:13.365, 5878332560670, vstest.console.dll, Compatible sources list : 
TpTrace Information: 0 : 45132, 1, 2021/11/26, 11:18:13.365, 5878332561247, vstest.console.dll, C:\WORK\Proyectos Elaborados Pruebas\UtilityLibraries\StringLibraryTests\bin\Debug\net5.0\fine-code-coverage\build-output\StringLibraryTests.dll
TpTrace Information: 0 : 45132, 1, 2021/11/26, 11:18:13.366, 5878332573621, vstest.console.dll, InferRunSettingsHelper.IsTestSettingsEnabled: Unable to navigate to RunSettings/MSTest. Current node: RunSettings
TpTrace Information: 0 : 45132, 1, 2021/11/26, 11:18:13.366, 5878332577443, vstest.console.dll, AssemblyResolver.OnResolve: Microsoft.VisualStudio.TestPlatform.Fakes: Resolving assembly.
TpTrace Information: 0 : 45132, 1, 2021/11/26, 11:18:13.367, 5878332577874, vstest.console.dll, AssemblyResolver.OnResolve: Microsoft.VisualStudio.TestPlatform.Fakes: Searching in: 'C:\Program Files\dotnet\sdk\5.0.403\Extensions'.
TpTrace Information: 0 : 45132, 1, 2021/11/26, 11:18:13.367, 5878332578639, vstest.console.dll, AssemblyResolver.OnResolve: Microsoft.VisualStudio.TestPlatform.Fakes: Assembly path does not exist: 'C:\Program Files\dotnet\sdk\5.0.403\Extensions\Microsoft.VisualStudio.TestPlatform.Fakes.dll', returning.
TpTrace Information: 0 : 45132, 1, 2021/11/26, 11:18:13.367, 5878332579224, vstest.console.dll, AssemblyResolver.OnResolve: Microsoft.VisualStudio.TestPlatform.Fakes: Assembly path does not exist: 'C:\Program Files\dotnet\sdk\5.0.403\Extensions\Microsoft.VisualStudio.TestPlatform.Fakes.exe', returning.
TpTrace Information: 0 : 45132, 1, 2021/11/26, 11:18:13.367, 5878332579492, vstest.console.dll, AssemblyResolver.OnResolve: Microsoft.VisualStudio.TestPlatform.Fakes: Searching in: 'C:\Program Files\dotnet\sdk\5.0.403'.
TpTrace Information: 0 : 45132, 1, 2021/11/26, 11:18:13.367, 5878332580037, vstest.console.dll, AssemblyResolver.OnResolve: Microsoft.VisualStudio.TestPlatform.Fakes: Assembly path does not exist: 'C:\Program Files\dotnet\sdk\5.0.403\Microsoft.VisualStudio.TestPlatform.Fakes.dll', returning.
TpTrace Information: 0 : 45132, 1, 2021/11/26, 11:18:13.367, 5878332580543, vstest.console.dll, AssemblyResolver.OnResolve: Microsoft.VisualStudio.TestPlatform.Fakes: Assembly path does not exist: 'C:\Program Files\dotnet\sdk\5.0.403\Microsoft.VisualStudio.TestPlatform.Fakes.exe', returning.
TpTrace Information: 0 : 45132, 1, 2021/11/26, 11:18:13.367, 5878332580822, vstest.console.dll, AssemblyResolver.OnResolve: Microsoft.VisualStudio.TestPlatform.Fakes: Failed to load assembly.
TpTrace Information: 0 : 45132, 1, 2021/11/26, 11:18:13.367, 5878332583050, vstest.console.dll, Failed to create newly implemented Fakes Configurator. Reason:System.IO.FileNotFoundException: Could not load file or assembly 'Microsoft.VisualStudio.TestPlatform.Fakes, Version=16.0.0.0, Culture=neutral, PublicKeyToken=null'. El sistema no puede encontrar el archivo especificado.
File name: 'Microsoft.VisualStudio.TestPlatform.Fakes, Version=16.0.0.0, Culture=neutral, PublicKeyToken=null'
   at System.Reflection.RuntimeAssembly.InternalLoad(ObjectHandleOnStack assemblyName, ObjectHandleOnStack requestingAssembly, StackCrawlMarkHandle stackMark, Boolean throwOnFileNotFound, ObjectHandleOnStack assemblyLoadContext, ObjectHandleOnStack retAssembly)
   at System.Reflection.RuntimeAssembly.InternalLoad(AssemblyName assemblyName, RuntimeAssembly requestingAssembly, StackCrawlMark& stackMark, Boolean throwOnFileNotFound, AssemblyLoadContext assemblyLoadContext)
   at System.Reflection.Assembly.Load(AssemblyName assemblyRef)
   at Microsoft.VisualStudio.TestPlatform.Common.Utilities.FakesUtilities.TryGetFakesCrossPlatformDataCollectorConfigurator() 
TpTrace Verbose: 0 : 45132, 1, 2021/11/26, 11:18:13.370, 5878332608788, vstest.console.dll, TestPluginCache.DiscoverTestExtensions: finding test extensions in assemblies ends with: TestLogger.dll TPluginInfo: Microsoft.VisualStudio.TestPlatform.Common.ExtensionFramework.Utilities.TestLoggerPluginInformation TExtension: Microsoft.VisualStudio.TestPlatform.ObjectModel.Client.ITestLogger
TpTrace Verbose: 0 : 45132, 1, 2021/11/26, 11:18:13.370, 5878332609294, vstest.console.dll, TestPluginCache.GetExtensionPaths: Filtered extension paths: 
TpTrace Verbose: 0 : 45132, 1, 2021/11/26, 11:18:13.370, 5878332609557, vstest.console.dll, TestPluginCache.GetExtensionPaths: Added default extension paths: C:\Program Files\dotnet\sdk\5.0.403\Extensions\Microsoft.Diagnostics.NETCore.Client.dll
C:\Program Files\dotnet\sdk\5.0.403\Extensions\Microsoft.TestPlatform.Extensions.BlameDataCollector.dll
C:\Program Files\dotnet\sdk\5.0.403\Extensions\Microsoft.TestPlatform.Extensions.EventLogCollector.dll
C:\Program Files\dotnet\sdk\5.0.403\Extensions\Microsoft.TestPlatform.TestHostRuntimeProvider.dll
C:\Program Files\dotnet\sdk\5.0.403\Extensions\Microsoft.VisualStudio.TestPlatform.Extensions.Html.TestLogger.dll
C:\Program Files\dotnet\sdk\5.0.403\Extensions\Microsoft.VisualStudio.TestPlatform.Extensions.Trx.TestLogger.dll
TpTrace Verbose: 0 : 45132, 1, 2021/11/26, 11:18:13.370, 5878332609812, vstest.console.dll, TestPluginCache.GetExtensionPaths: Added unfilterableExtensionPaths: 
TpTrace Information: 0 : 45132, 1, 2021/11/26, 11:18:13.370, 5878332610790, vstest.console.dll, AssemblyResolver.AddSearchDirectories: Adding more searchDirectories C:\Program Files\dotnet\sdk\5.0.403\Extensions,C:\Program Files\dotnet\sdk\5.0.403
TpTrace Verbose: 0 : 45132, 1, 2021/11/26, 11:18:13.370, 5878332611115, vstest.console.dll, TestPluginCache.DiscoverTestExtensions: Discovering the extensions using extension path.
TpTrace Verbose: 0 : 45132, 1, 2021/11/26, 11:18:13.370, 5878332611363, vstest.console.dll, TestPluginCache.GetExtensionPaths: Filtered extension paths: 
TpTrace Verbose: 0 : 45132, 1, 2021/11/26, 11:18:13.370, 5878332611628, vstest.console.dll, TestPluginCache.GetExtensionPaths: Added default extension paths: C:\Program Files\dotnet\sdk\5.0.403\Extensions\Microsoft.Diagnostics.NETCore.Client.dll
C:\Program Files\dotnet\sdk\5.0.403\Extensions\Microsoft.TestPlatform.Extensions.BlameDataCollector.dll
C:\Program Files\dotnet\sdk\5.0.403\Extensions\Microsoft.TestPlatform.Extensions.EventLogCollector.dll
C:\Program Files\dotnet\sdk\5.0.403\Extensions\Microsoft.TestPlatform.TestHostRuntimeProvider.dll
C:\Program Files\dotnet\sdk\5.0.403\Extensions\Microsoft.VisualStudio.TestPlatform.Extensions.Html.TestLogger.dll
C:\Program Files\dotnet\sdk\5.0.403\Extensions\Microsoft.VisualStudio.TestPlatform.Extensions.Trx.TestLogger.dll
TpTrace Verbose: 0 : 45132, 1, 2021/11/26, 11:18:13.370, 5878332611849, vstest.console.dll, TestPluginCache.GetExtensionPaths: Added unfilterableExtensionPaths: 
TpTrace Verbose: 0 : 45132, 1, 2021/11/26, 11:18:13.370, 5878332612101, vstest.console.dll, TestPluginCache.DiscoverTestExtensions: Discovering the extensions using allExtensionPaths: C:\Program Files\dotnet\sdk\5.0.403\Extensions\Microsoft.Diagnostics.NETCore.Client.dll
C:\Program Files\dotnet\sdk\5.0.403\Extensions\Microsoft.TestPlatform.Extensions.BlameDataCollector.dll
C:\Program Files\dotnet\sdk\5.0.403\Extensions\Microsoft.TestPlatform.Extensions.EventLogCollector.dll
C:\Program Files\dotnet\sdk\5.0.403\Extensions\Microsoft.TestPlatform.TestHostRuntimeProvider.dll
C:\Program Files\dotnet\sdk\5.0.403\Extensions\Microsoft.VisualStudio.TestPlatform.Extensions.Html.TestLogger.dll
C:\Program Files\dotnet\sdk\5.0.403\Extensions\Microsoft.VisualStudio.TestPlatform.Extensions.Trx.TestLogger.dll
TpTrace Information: 0 : 45132, 1, 2021/11/26, 11:18:13.370, 5878332612407, vstest.console.dll, AssemblyResolver.AddSearchDirectories: Adding more searchDirectories C:\Program Files\dotnet\sdk\5.0.403\Extensions,C:\Program Files\dotnet\sdk\5.0.403
TpTrace Information: 0 : 45132, 1, 2021/11/26, 11:18:13.370, 5878332612679, vstest.console.dll, AssemblyResolver.AddSearchDirectories: Adding more searchDirectories C:\Program Files\dotnet\sdk\5.0.403\Extensions,C:\Program Files\dotnet\sdk\5.0.403
TpTrace Information: 0 : 45132, 1, 2021/11/26, 11:18:13.370, 5878332612898, vstest.console.dll, AssemblyResolver.AddSearchDirectories: Adding more searchDirectories C:\Program Files\dotnet\sdk\5.0.403\Extensions,C:\Program Files\dotnet\sdk\5.0.403
TpTrace Information: 0 : 45132, 1, 2021/11/26, 11:18:13.370, 5878332613108, vstest.console.dll, AssemblyResolver.AddSearchDirectories: Adding more searchDirectories C:\Program Files\dotnet\sdk\5.0.403\Extensions,C:\Program Files\dotnet\sdk\5.0.403
TpTrace Information: 0 : 45132, 1, 2021/11/26, 11:18:13.370, 5878332613353, vstest.console.dll, AssemblyResolver.AddSearchDirectories: Adding more searchDirectories C:\Program Files\dotnet\sdk\5.0.403\Extensions,C:\Program Files\dotnet\sdk\5.0.403
TpTrace Information: 0 : 45132, 1, 2021/11/26, 11:18:13.370, 5878332613566, vstest.console.dll, AssemblyResolver.AddSearchDirectories: Adding more searchDirectories C:\Program Files\dotnet\sdk\5.0.403\Extensions,C:\Program Files\dotnet\sdk\5.0.403
TpTrace Information: 0 : 45132, 1, 2021/11/26, 11:18:13.370, 5878332615042, vstest.console.dll, AssemblyResolver.OnResolve: Microsoft.Bcl.AsyncInterfaces: Resolving assembly.
TpTrace Information: 0 : 45132, 1, 2021/11/26, 11:18:13.370, 5878332615352, vstest.console.dll, AssemblyResolver.OnResolve: Microsoft.Bcl.AsyncInterfaces: Resolved from cache.
TpTrace Verbose: 0 : 45132, 1, 2021/11/26, 11:18:13.370, 5878332615591, vstest.console.dll, CurrentDomainAssemblyResolve: Resolving assembly 'Microsoft.Bcl.AsyncInterfaces'.
TpTrace Information: 0 : 45132, 1, 2021/11/26, 11:18:13.370, 5878332615955, vstest.console.dll, AssemblyResolver.OnResolve: Microsoft.Bcl.AsyncInterfaces: Resolving assembly.
TpTrace Information: 0 : 45132, 1, 2021/11/26, 11:18:13.370, 5878332616198, vstest.console.dll, AssemblyResolver.OnResolve: Microsoft.Bcl.AsyncInterfaces: Resolved from cache.
TpTrace Verbose: 0 : 45132, 1, 2021/11/26, 11:18:13.370, 5878332616436, vstest.console.dll, CurrentDomainAssemblyResolve: Resolving assembly 'Microsoft.Bcl.AsyncInterfaces'.
TpTrace Verbose: 0 : 45132, 1, 2021/11/26, 11:18:13.370, 5878332616641, vstest.console.dll, CurrentDomainAssemblyResolve: Failed to resolve assembly 'Microsoft.Bcl.AsyncInterfaces'.
TpTrace Verbose: 0 : 45132, 1, 2021/11/26, 11:18:13.370, 5878332617572, vstest.console.dll, CurrentDomainAssemblyResolve: Failed to resolve assembly 'Microsoft.Bcl.AsyncInterfaces'.
TpTrace Warning: 0 : 45132, 1, 2021/11/26, 11:18:13.371, 5878332619251, vstest.console.dll, TestPluginDiscoverer: Failed to get types from assembly 'Microsoft.Diagnostics.NETCore.Client, Version=0.2.2.41902, Culture=neutral, PublicKeyToken=31bf3856ad364e35'.  Skipping test extension scan for this assembly.  Error: System.Reflection.ReflectionTypeLoadException: Unable to load one or more of the requested types.
Could not load file or assembly 'Microsoft.Bcl.AsyncInterfaces, Version=1.0.0.0, Culture=neutral, PublicKeyToken=cc7b13ffcd2ddd51'. El sistema no puede encontrar el archivo especificado.
   at System.Reflection.RuntimeModule.GetTypes(RuntimeModule module)
   at System.Reflection.RuntimeModule.GetTypes()
   at System.Reflection.Assembly.GetTypes()
   at Microsoft.VisualStudio.TestPlatform.Common.ExtensionFramework.TestPluginDiscoverer.GetTestExtensionsFromAssembly[TPluginInfo,TExtension](Assembly assembly, Dictionary`2 pluginInfos)
System.IO.FileNotFoundException: Could not load file or assembly 'Microsoft.Bcl.AsyncInterfaces, Version=1.0.0.0, Culture=neutral, PublicKeyToken=cc7b13ffcd2ddd51'. El sistema no puede encontrar el archivo especificado.
File name: 'Microsoft.Bcl.AsyncInterfaces, Version=1.0.0.0, Culture=neutral, PublicKeyToken=cc7b13ffcd2ddd51'
TpTrace Warning: 0 : 45132, 1, 2021/11/26, 11:18:13.371, 5878332619601, vstest.console.dll, LoaderExceptions: System.IO.FileNotFoundException: Could not load file or assembly 'Microsoft.Bcl.AsyncInterfaces, Version=1.0.0.0, Culture=neutral, PublicKeyToken=cc7b13ffcd2ddd51'. El sistema no puede encontrar el archivo especificado.
File name: 'Microsoft.Bcl.AsyncInterfaces, Version=1.0.0.0, Culture=neutral, PublicKeyToken=cc7b13ffcd2ddd51'
TpTrace Verbose: 0 : 45132, 1, 2021/11/26, 11:18:13.371, 5878332621878, vstest.console.dll, TestPluginCache: Discovered the extensions using extension path ''.
TpTrace Verbose: 0 : 45132, 1, 2021/11/26, 11:18:13.371, 5878332622173, vstest.console.dll, TestPluginCache: Discoverers are ''.
TpTrace Verbose: 0 : 45132, 1, 2021/11/26, 11:18:13.371, 5878332622371, vstest.console.dll, TestPluginCache: Executors are ''.
TpTrace Verbose: 0 : 45132, 1, 2021/11/26, 11:18:13.371, 5878332622594, vstest.console.dll, TestPluginCache: Executors2 are ''.
TpTrace Verbose: 0 : 45132, 1, 2021/11/26, 11:18:13.371, 5878332622779, vstest.console.dll, TestPluginCache: Setting providers are ''.
TpTrace Verbose: 0 : 45132, 1, 2021/11/26, 11:18:13.371, 5878332623205, vstest.console.dll, TestPluginCache: Loggers are 'logger://Microsoft/TestPlatform/Extensions/Blame/v1,logger://Microsoft/TestPlatform/HtmlLogger/v1,logger://Microsoft/TestPlatform/TrxLogger/v1'.
TpTrace Information: 0 : 45132, 1, 2021/11/26, 11:18:13.371, 5878332627051, vstest.console.dll, TestPluginManager.CreateTestExtension: Attempting to load test extension: Microsoft.TestPlatform.Extensions.BlameDataCollector.BlameLogger
TpTrace Information: 0 : 45132, 1, 2021/11/26, 11:18:13.377, 5878332680585, vstest.console.dll, TestPluginManager.CreateTestExtension: Attempting to load test extension: Microsoft.VisualStudio.TestPlatform.CrossPlatEngine.Hosting.DefaultTestHostManager
TpTrace Information: 0 : 45132, 1, 2021/11/26, 11:18:13.377, 5878332681924, vstest.console.dll, TestPluginManager.CreateTestExtension: Attempting to load test extension: Microsoft.VisualStudio.TestPlatform.CrossPlatEngine.Hosting.DotnetTestHostManager
TpTrace Verbose: 0 : 45132, 1, 2021/11/26, 11:18:13.377, 5878332685461, vstest.console.dll, TestEngine: Initializing Parallel Execution as MaxCpuCount is set to: 1
TpTrace Information: 0 : 45132, 1, 2021/11/26, 11:18:13.378, 5878332688460, vstest.console.dll, InferRunSettingsHelper.IsTestSettingsEnabled: Unable to navigate to RunSettings/MSTest. Current node: RunSettings
TpTrace Verbose: 0 : 45132, 1, 2021/11/26, 11:18:13.385, 5878332761050, vstest.console.dll, TestRequestSender is acting as server
TpTrace Verbose: 0 : 45132, 4, 2021/11/26, 11:18:13.387, 5878332779755, vstest.console.dll, DataCollectionRequestSender.InitializeCommunication : Initialize communication. 
TpTrace Information: 0 : 45132, 4, 2021/11/26, 11:18:13.394, 5878332849523, vstest.console.dll, Listening on Endpoint : 127.0.0.1:56527
TpTrace Verbose: 0 : 45132, 4, 2021/11/26, 11:18:13.400, 5878332916804, vstest.console.dll, DotnetDataCollectionLauncher: Full path of dotnet.exe is C:\Program Files\dotnet\dotnet.exe
TpTrace Verbose: 0 : 45132, 4, 2021/11/26, 11:18:13.401, 5878332918368, vstest.console.dll, DotnetDataCollectionLauncher: Adding  --runtimeconfig "C:\Program Files\dotnet\sdk\5.0.403\datacollector.runtimeconfig.json" in args
TpTrace Verbose: 0 : 45132, 4, 2021/11/26, 11:18:13.401, 5878332919055, vstest.console.dll, DotnetDataCollectionLauncher: Adding  --depsfile "C:\Program Files\dotnet\sdk\5.0.403\datacollector.deps.json" in args
TpTrace Information: 0 : 45132, 4, 2021/11/26, 11:18:13.406, 5878332968083, vstest.console.dll, ProxyDataCollectionManager.Initialize: Launched datacollector processId: 18520 port: 56527
TpTrace Information: 0 : 45132, 4, 2021/11/26, 11:18:13.406, 5878332968819, vstest.console.dll, ProxyDataCollectionManager.Initialize: waiting for connection with timeout: 90 seconds
TpTrace Verbose: 0 : 45132, 4, 2021/11/26, 11:18:13.406, 5878332969178, vstest.console.dll, DataCollectionRequestSender.WaitForRequestHandlerConnection : Waiting for connection with timeout: 90000
TpTrace Information: 0 : 45132, 7, 2021/11/26, 11:18:13.511, 5878334026208, vstest.console.dll, Using the buffer size of 16384 bytes
TpTrace Verbose: 0 : 45132, 4, 2021/11/26, 11:18:13.511, 5878334026567, vstest.console.dll, ProxyDataCollectionManager.InvokeDataCollectionServiceAction: Starting.
TpTrace Information: 0 : 45132, 7, 2021/11/26, 11:18:13.511, 5878334026790, vstest.console.dll, Accepted Client request and set the flag
TpTrace Information: 0 : 45132, 4, 2021/11/26, 11:18:13.511, 5878334027364, vstest.console.dll, ProxyDataCollectionManager.BeforeTestRunStart: Get environment variable and port for datacollector processId: 18520 port: 56527
TpTrace Verbose: 0 : 45132, 4, 2021/11/26, 11:18:13.512, 5878334028454, vstest.console.dll, DataCollectionRequestSender.SendBeforeTestRunStartAndGetResult : Send BeforeTestRunStart message with settingsXml <RunSettings><RunConfiguration><ResultsDirectory>C:\WORK\Proyectos Elaborados Pruebas\UtilityLibraries\StringLibraryTests\bin\Debug\net5.0\fine-code-coverage\coverage-tool-output</ResultsDirectory><TargetPlatform>X64</TargetPlatform><TargetFrameworkVersion>.NETCoreApp,Version=v5.0</TargetFrameworkVersion><DesignMode>False</DesignMode><CollectSourceInformation>False</CollectSourceInformation><TestAdaptersPaths>C:\Program Files\dotnet\sdk\5.0.403\Extensions</TestAdaptersPaths></RunConfiguration><LoggerRunSettings><Loggers><Logger friendlyName="blame" enabled="True" /><Logger friendlyName="Console" uri="logger://microsoft/TestPlatform/ConsoleLogger/v1" assemblyQualifiedName="Microsoft.VisualStudio.TestPlatform.CommandLine.Internal.ConsoleLogger, vstest.console, Version=15.0.0.0, Culture=neutral, PublicKeyToken=b03f5f7f11d50a3a" codeBase="C:\Program Files\dotnet\sdk\5.0.403\vstest.console.dll" enabled="True" /></Loggers></LoggerRunSettings><DataCollectionRunSettings><DataCollectors><DataCollector friendlyName="blame" enabled="True"><Configuration><ResultsDirectory>C:\WORK\Proyectos Elaborados Pruebas\UtilityLibraries\StringLibraryTests\bin\Debug\net5.0\fine-code-coverage\coverage-tool-output</ResultsDirectory></Configuration></DataCollector></DataCollectors></DataCollectionRunSettings></RunSettings> and sources System.Linq.Enumerable+Concat2Iterator`1[System.String]: 
TpTrace Verbose: 0 : 45132, 4, 2021/11/26, 11:18:13.555, 5878334467065, vstest.console.dll, DataCollectionRequestSender.SendBeforeTestRunStartAndGetResult : Received message: (DataCollection.SendMessage) -> {
  "FriendlyName": null,
  "Uri": null,
  "TestCaseId": "00000000-0000-0000-0000-000000000000",
  "Message": "Logging DataCollector Diagnostics in file: C:\\WORK\\Proyectos Elaborados Pruebas\\UtilityLibraries\\StringLibraryTests\\bin\\Debug\\net5.0\\fine-code-coverage\\coverage-tool-output\\diagnostics.datacollector.21-11-26_11-18-13_39792_4.log",
  "Level": 0
}
TpTrace Information: 0 : 45132, 4, 2021/11/26, 11:18:13.559, 5878334504016, vstest.console.dll, AssemblyResolver.OnResolve: Microsoft.VisualStudio.TestPlatform.Common.resources: Resolving assembly.
TpTrace Information: 0 : 45132, 4, 2021/11/26, 11:18:13.559, 5878334504591, vstest.console.dll, AssemblyResolver.OnResolve: Microsoft.VisualStudio.TestPlatform.Common.resources: Searching in: 'C:\Program Files\dotnet\sdk\5.0.403\Extensions'.
TpTrace Information: 0 : 45132, 4, 2021/11/26, 11:18:13.559, 5878334505237, vstest.console.dll, AssemblyResolver.OnResolve: Microsoft.VisualStudio.TestPlatform.Common.resources: Assembly path does not exist: 'C:\Program Files\dotnet\sdk\5.0.403\Extensions\Microsoft.VisualStudio.TestPlatform.Common.resources.dll', returning.
TpTrace Information: 0 : 45132, 4, 2021/11/26, 11:18:13.559, 5878334505771, vstest.console.dll, AssemblyResolver.OnResolve: Microsoft.VisualStudio.TestPlatform.Common.resources: Assembly path does not exist: 'C:\Program Files\dotnet\sdk\5.0.403\Extensions\Microsoft.VisualStudio.TestPlatform.Common.resources.exe', returning.
TpTrace Information: 0 : 45132, 4, 2021/11/26, 11:18:13.559, 5878334506012, vstest.console.dll, AssemblyResolver.OnResolve: Microsoft.VisualStudio.TestPlatform.Common.resources: Searching in: 'C:\Program Files\dotnet\sdk\5.0.403'.
TpTrace Information: 0 : 45132, 4, 2021/11/26, 11:18:13.559, 5878334506507, vstest.console.dll, AssemblyResolver.OnResolve: Microsoft.VisualStudio.TestPlatform.Common.resources: Assembly path does not exist: 'C:\Program Files\dotnet\sdk\5.0.403\Microsoft.VisualStudio.TestPlatform.Common.resources.dll', returning.
TpTrace Information: 0 : 45132, 4, 2021/11/26, 11:18:13.559, 5878334507064, vstest.console.dll, AssemblyResolver.OnResolve: Microsoft.VisualStudio.TestPlatform.Common.resources: Assembly path does not exist: 'C:\Program Files\dotnet\sdk\5.0.403\Microsoft.VisualStudio.TestPlatform.Common.resources.exe', returning.
TpTrace Information: 0 : 45132, 4, 2021/11/26, 11:18:13.559, 5878334507299, vstest.console.dll, AssemblyResolver.OnResolve: Microsoft.VisualStudio.TestPlatform.Common.resources: Failed to load assembly.
TpTrace Verbose: 0 : 45132, 4, 2021/11/26, 11:18:13.595, 5878334859772, vstest.console.dll, DataCollectionRequestSender.SendBeforeTestRunStartAndGetResult : Received message: (DataCollection.BeforeTestRunStartResult) -> {
  "EnvironmentVariables": {},
  "DataCollectionEventsPort": 56529
}
TpTrace Information: 0 : 45132, 4, 2021/11/26, 11:18:13.597, 5878334883294, vstest.console.dll, ProxyDataCollectionManager.BeforeTestRunStart: SendBeforeTestRunStartAndGetResult successful, env variable from datacollector:   and testhost port: 56529
TpTrace Information: 0 : 45132, 4, 2021/11/26, 11:18:13.597, 5878334883762, vstest.console.dll, ProxyDataCollectionManager.InvokeDataCollectionServiceAction: Completed.
TpTrace Verbose: 0 : 45132, 1, 2021/11/26, 11:18:13.597, 5878334884909, vstest.console.dll, TestRunRequest.ExecuteAsync: Creating test run request.
TpTrace Verbose: 0 : 45132, 1, 2021/11/26, 11:18:13.597, 5878334886553, vstest.console.dll, TestRunRequest.ExecuteAsync: Starting.
TpTrace Information: 0 : 45132, 1, 2021/11/26, 11:18:13.598, 5878334888267, vstest.console.dll, TestRunRequest.ExecuteAsync: Starting run with settings:TestRunCriteria:
   KeepAlive=False,FrequencyOfRunStatsChangeEvent=10,RunStatsChangeEventTimeout=00:00:01.5000000,TestCaseFilter=,TestExecutorLauncher=
   Settingsxml=<RunSettings>
  <RunConfiguration>
    <ResultsDirectory>C:\WORK\Proyectos Elaborados Pruebas\UtilityLibraries\StringLibraryTests\bin\Debug\net5.0\fine-code-coverage\coverage-tool-output</ResultsDirectory>
    <TargetPlatform>X64</TargetPlatform>
    <TargetFrameworkVersion>.NETCoreApp,Version=v5.0</TargetFrameworkVersion>
    <DesignMode>False</DesignMode>
    <CollectSourceInformation>False</CollectSourceInformation>
  </RunConfiguration>
  <LoggerRunSettings>
    <Loggers>
      <Logger friendlyName="blame" enabled="True" />
      <Logger friendlyName="Console" uri="logger://microsoft/TestPlatform/ConsoleLogger/v1" assemblyQualifiedName="Microsoft.VisualStudio.TestPlatform.CommandLine.Internal.ConsoleLogger, vstest.console, Version=15.0.0.0, Culture=neutral, PublicKeyToken=b03f5f7f11d50a3a" codeBase="C:\Program Files\dotnet\sdk\5.0.403\vstest.console.dll" enabled="True" />
    </Loggers>
  </LoggerRunSettings>
  <DataCollectionRunSettings>
    <DataCollectors>
      <DataCollector friendlyName="blame" enabled="True">
        <Configuration>
          <ResultsDirectory>C:\WORK\Proyectos Elaborados Pruebas\UtilityLibraries\StringLibraryTests\bin\Debug\net5.0\fine-code-coverage\coverage-tool-output</ResultsDirectory>
        </Configuration>
      </DataCollector>
    </DataCollectors>
  </DataCollectionRunSettings>
</RunSettings>

TpTrace Verbose: 0 : 45132, 1, 2021/11/26, 11:18:13.598, 5878334888668, vstest.console.dll, TestRunRequest.ExecuteAsync: Wait for the first run request is over.
TpTrace Verbose: 0 : 45132, 1, 2021/11/26, 11:18:13.598, 5878334891207, vstest.console.dll, ParallelProxyExecutionManager: Start execution. Total sources: 1
TpTrace Information: 0 : 45132, 1, 2021/11/26, 11:18:13.598, 5878334895775, vstest.console.dll, ProxyParallelExecutionManager: Triggering test run for next source: C:\WORK\Proyectos Elaborados Pruebas\UtilityLibraries\StringLibraryTests\bin\Debug\net5.0\fine-code-coverage\build-output\StringLibraryTests.dll
TpTrace Verbose: 0 : 45132, 1, 2021/11/26, 11:18:13.598, 5878334896929, vstest.console.dll, ProxyParallelExecutionManager: No sources available for execution.
TpTrace Verbose: 0 : 45132, 6, 2021/11/26, 11:18:13.598, 5878334897086, vstest.console.dll, ParallelProxyExecutionManager: Execution started. Started clients: 1
TpTrace Information: 0 : 45132, 1, 2021/11/26, 11:18:13.598, 5878334897253, vstest.console.dll, TestRunRequest.ExecuteAsync: Started.
TpTrace Verbose: 0 : 45132, 1, 2021/11/26, 11:18:13.599, 5878334898390, vstest.console.dll, TestRunRequest.WaitForCompletion: Waiting with timeout -1.
TpTrace Verbose: 0 : 45132, 6, 2021/11/26, 11:18:13.599, 5878334898901, vstest.console.dll, TestRunRequest:SendTestRunMessage: Starting.
TpTrace Information: 0 : 45132, 6, 2021/11/26, 11:18:13.599, 5878334899574, vstest.console.dll, TestRunRequest:SendTestRunMessage: Completed.
TpTrace Verbose: 0 : 45132, 6, 2021/11/26, 11:18:13.599, 5878334900869, vstest.console.dll, ProxyExecutionManager: Test host is always Lazy initialize.
TpTrace Verbose: 0 : 45132, 6, 2021/11/26, 11:18:13.599, 5878334902370, vstest.console.dll, TestRequestSender.InitializeCommunication: initialize communication. 
TpTrace Information: 0 : 45132, 6, 2021/11/26, 11:18:13.599, 5878334905717, vstest.console.dll, SocketServer.Start: Listening on endpoint : 127.0.0.1:56530
TpTrace Verbose: 0 : 45132, 6, 2021/11/26, 11:18:13.600, 5878334910152, vstest.console.dll, DotnetTestHostmanager: Adding  --runtimeconfig "C:\WORK\Proyectos Elaborados Pruebas\UtilityLibraries\StringLibraryTests\bin\Debug\net5.0\fine-code-coverage\build-output\StringLibraryTests.runtimeconfig.json" in args
TpTrace Verbose: 0 : 45132, 6, 2021/11/26, 11:18:13.600, 5878334910914, vstest.console.dll, DotnetTestHostmanager: Adding  --depsfile "C:\WORK\Proyectos Elaborados Pruebas\UtilityLibraries\StringLibraryTests\bin\Debug\net5.0\fine-code-coverage\build-output\StringLibraryTests.deps.json" in args
TpTrace Verbose: 0 : 45132, 6, 2021/11/26, 11:18:13.600, 5878334912438, vstest.console.dll, DotnetTestHostManager: Testhost.exe/testhost.x86.exe found at path: C:\WORK\Proyectos Elaborados Pruebas\UtilityLibraries\StringLibraryTests\bin\Debug\net5.0\fine-code-coverage\build-output\testhost.exe
TpTrace Verbose: 0 : 45132, 6, 2021/11/26, 11:18:13.600, 5878334912804, vstest.console.dll, DotnetTestHostmanager: Full path of host exe is C:\WORK\Proyectos Elaborados Pruebas\UtilityLibraries\StringLibraryTests\bin\Debug\net5.0\fine-code-coverage\build-output\testhost.exe
TpTrace Verbose: 0 : 45132, 4, 2021/11/26, 11:18:13.601, 5878334918569, vstest.console.dll, DotnetTestHostManager: Starting process 'C:\WORK\Proyectos Elaborados Pruebas\UtilityLibraries\StringLibraryTests\bin\Debug\net5.0\fine-code-coverage\build-output\testhost.exe' with command line ' --runtimeconfig "C:\WORK\Proyectos Elaborados Pruebas\UtilityLibraries\StringLibraryTests\bin\Debug\net5.0\fine-code-coverage\build-output\StringLibraryTests.runtimeconfig.json" --depsfile "C:\WORK\Proyectos Elaborados Pruebas\UtilityLibraries\StringLibraryTests\bin\Debug\net5.0\fine-code-coverage\build-output\StringLibraryTests.deps.json" --port 56530 --endpoint 127.0.0.1:056530 --role client --parentprocessid 45132 --diag "C:\WORK\Proyectos Elaborados Pruebas\UtilityLibraries\StringLibraryTests\bin\Debug\net5.0\fine-code-coverage\coverage-tool-output\diagnostics.host.21-11-26_11-18-13_60000_6.log" --tracelevel 4 --datacollectionport 56529 --telemetryoptedin false'
TpTrace Verbose: 0 : 45132, 4, 2021/11/26, 11:18:13.603, 5878334941369, vstest.console.dll, Test Runtime launched
TpTrace Verbose: 0 : 45132, 6, 2021/11/26, 11:18:13.603, 5878334946454, vstest.console.dll, TestRequestSender.WaitForRequestHandlerConnection: waiting for connection with timeout: 90000
TpTrace Verbose: 0 : 45132, 4, 2021/11/26, 11:18:13.728, 5878336197192, vstest.console.dll, SocketServer.OnClientConnected: Client connected for endPoint: 127.0.0.1:56530, starting MessageLoopAsync:
TpTrace Verbose: 0 : 45132, 14, 2021/11/26, 11:18:13.729, 5878336199773, vstest.console.dll, TcpClientExtensions.MessageLoopAsync: Polling on remoteEndPoint: 127.0.0.1:56531 localEndPoint: 127.0.0.1:56530
TpTrace Verbose: 0 : 45132, 14, 2021/11/26, 11:18:13.828, 5878337194632, vstest.console.dll, TcpClientExtensions.MessageLoopAsync: NotifyDataAvailable remoteEndPoint: 127.0.0.1:56531 localEndPoint: 127.0.0.1:56530
TpTrace Verbose: 0 : 45132, 14, 2021/11/26, 11:18:13.828, 5878337196406, vstest.console.dll, TestRequestSender.CheckVersionWithTestHost: onMessageReceived received message: (ProtocolVersion) -> 5
TpTrace Verbose: 0 : 45132, 14, 2021/11/26, 11:18:13.829, 5878337198932, vstest.console.dll, TcpClientExtensions.MessageLoopAsync: Polling on remoteEndPoint: 127.0.0.1:56531 localEndPoint: 127.0.0.1:56530
TpTrace Verbose: 0 : 45132, 6, 2021/11/26, 11:18:13.829, 5878337199623, vstest.console.dll, TestPluginCache.GetExtensionPaths: Filtered extension paths: 
TpTrace Verbose: 0 : 45132, 6, 2021/11/26, 11:18:13.829, 5878337200109, vstest.console.dll, TestPluginCache.GetExtensionPaths: Added default extension paths: C:\Program Files\dotnet\sdk\5.0.403\Extensions\Microsoft.Diagnostics.NETCore.Client.dll
C:\Program Files\dotnet\sdk\5.0.403\Extensions\Microsoft.TestPlatform.Extensions.BlameDataCollector.dll
C:\Program Files\dotnet\sdk\5.0.403\Extensions\Microsoft.TestPlatform.Extensions.EventLogCollector.dll
C:\Program Files\dotnet\sdk\5.0.403\Extensions\Microsoft.TestPlatform.TestHostRuntimeProvider.dll
C:\Program Files\dotnet\sdk\5.0.403\Extensions\Microsoft.VisualStudio.TestPlatform.Extensions.Html.TestLogger.dll
C:\Program Files\dotnet\sdk\5.0.403\Extensions\Microsoft.VisualStudio.TestPlatform.Extensions.Trx.TestLogger.dll
TpTrace Verbose: 0 : 45132, 6, 2021/11/26, 11:18:13.829, 5878337200442, vstest.console.dll, TestPluginCache.GetExtensionPaths: Added unfilterableExtensionPaths: 
TpTrace Verbose: 0 : 45132, 6, 2021/11/26, 11:18:13.831, 5878337226941, vstest.console.dll, TestRequestSender.InitializeExecution: Sending initializing execution with message: {"Version":5,"MessageType":"TestExecution.Initialize","Payload":["C:\\WORK\\Proyectos Elaborados Pruebas\\UtilityLibraries\\StringLibraryTests\\bin\\Debug\\net5.0\\fine-code-coverage\\build-output\\Microsoft.VisualStudio.TestPlatform.MSTest.TestAdapter.dll"]}
TpTrace Verbose: 0 : 45132, 6, 2021/11/26, 11:18:13.837, 5878337279267, vstest.console.dll, TestRequestSender.StartTestRun: Sending test run with message: {"Version":5,"MessageType":"TestExecution.StartWithSources","Payload":{"AdapterSourceMap":{"_none_":["C:\\WORK\\Proyectos Elaborados Pruebas\\UtilityLibraries\\StringLibraryTests\\bin\\Debug\\net5.0\\fine-code-coverage\\build-output\\StringLibraryTests.dll"]},"RunSettings":"<RunSettings>\r\n  <RunConfiguration>\r\n    <ResultsDirectory>C:\\WORK\\Proyectos Elaborados Pruebas\\UtilityLibraries\\StringLibraryTests\\bin\\Debug\\net5.0\\fine-code-coverage\\coverage-tool-output</ResultsDirectory>\r\n    <TargetPlatform>X64</TargetPlatform>\r\n    <TargetFrameworkVersion>.NETCoreApp,Version=v5.0</TargetFrameworkVersion>\r\n    <DesignMode>False</DesignMode>\r\n    <CollectSourceInformation>False</CollectSourceInformation>\r\n  </RunConfiguration>\r\n  <LoggerRunSettings>\r\n    <Loggers>\r\n      <Logger friendlyName=\"blame\" enabled=\"True\" />\r\n      <Logger friendlyName=\"Console\" uri=\"logger://microsoft/TestPlatform/ConsoleLogger/v1\" assemblyQualifiedName=\"Microsoft.VisualStudio.TestPlatform.CommandLine.Internal.ConsoleLogger, vstest.console, Version=15.0.0.0, Culture=neutral, PublicKeyToken=b03f5f7f11d50a3a\" codeBase=\"C:\\Program Files\\dotnet\\sdk\\5.0.403\\vstest.console.dll\" enabled=\"True\" />\r\n    </Loggers>\r\n  </LoggerRunSettings>\r\n  <DataCollectionRunSettings>\r\n    <DataCollectors>\r\n      <DataCollector friendlyName=\"blame\" enabled=\"True\">\r\n        <Configuration>\r\n          <ResultsDirectory>C:\\WORK\\Proyectos Elaborados Pruebas\\UtilityLibraries\\StringLibraryTests\\bin\\Debug\\net5.0\\fine-code-coverage\\coverage-tool-output</ResultsDirectory>\r\n        </Configuration>\r\n      </DataCollector>\r\n    </DataCollectors>\r\n  </DataCollectionRunSettings>\r\n</RunSettings>","TestExecutionContext":{"FrequencyOfRunStatsChangeEvent":10,"RunStatsChangeEventTimeout":"00:00:01.5000000","InIsolation":false,"KeepAlive":false,"AreTestCaseLevelEventsRequired":false,"IsDebug":false,"TestCaseFilter":null,"FilterOptions":null},"Package":null}}
TpTrace Verbose: 0 : 45132, 14, 2021/11/26, 11:18:13.837, 5878337284333, vstest.console.dll, TcpClientExtensions.MessageLoopAsync: NotifyDataAvailable remoteEndPoint: 127.0.0.1:56531 localEndPoint: 127.0.0.1:56530
TpTrace Verbose: 0 : 45132, 14, 2021/11/26, 11:18:13.837, 5878337285360, vstest.console.dll, TestRequestSender.OnExecutionMessageReceived: Received message: {"Version":5,"MessageType":"TestSession.Message","Payload":{"MessageLevel":0,"Message":"Registrando diagnstico de TestHost en el archivo: C:\\WORK\\Proyectos Elaborados Pruebas\\UtilityLibraries\\StringLibraryTests\\bin\\Debug\\net5.0\\fine-code-coverage\\coverage-tool-output\\diagnostics.host.21-11-26_11-18-13_60000_6.log"}}
TpTrace Verbose: 0 : 45132, 14, 2021/11/26, 11:18:13.839, 5878337298255, vstest.console.dll, TestRunRequest:SendTestRunMessage: Starting.
TpTrace Information: 0 : 45132, 14, 2021/11/26, 11:18:13.839, 5878337298920, vstest.console.dll, TestRunRequest:SendTestRunMessage: Completed.
TpTrace Verbose: 0 : 45132, 14, 2021/11/26, 11:18:13.839, 5878337299253, vstest.console.dll, TcpClientExtensions.MessageLoopAsync: Polling on remoteEndPoint: 127.0.0.1:56531 localEndPoint: 127.0.0.1:56530
TpTrace Verbose: 0 : 45132, 14, 2021/11/26, 11:18:14.843, 5878347340650, vstest.console.dll, TcpClientExtensions.MessageLoopAsync: Polling on remoteEndPoint: 127.0.0.1:56531 localEndPoint: 127.0.0.1:56530
TpTrace Verbose: 0 : 45132, 14, 2021/11/26, 11:18:15.847, 5878357383883, vstest.console.dll, TcpClientExtensions.MessageLoopAsync: Polling on remoteEndPoint: 127.0.0.1:56531 localEndPoint: 127.0.0.1:56530
TpTrace Verbose: 0 : 45132, 14, 2021/11/26, 11:18:16.735, 5878366263743, vstest.console.dll, TcpClientExtensions.MessageLoopAsync: NotifyDataAvailable remoteEndPoint: 127.0.0.1:56531 localEndPoint: 127.0.0.1:56530
TpTrace Verbose: 0 : 45132, 14, 2021/11/26, 11:18:16.735, 5878366264978, vstest.console.dll, TestRequestSender.OnExecutionMessageReceived: Received message: {"Version":5,"MessageType":"TestExecution.StatsChange","Payload":{"NewTestResults":[],"TestRunStatistics":{"ExecutedTests":0,"Stats":{}},"ActiveTests":[{"Id":"1d60b2be-5ce9-73f7-f560-4bf777cc6780","FullyQualifiedName":"StringLibraryTests.UnitTest1.TestStartsWithUpper","DisplayName":"TestStartsWithUpper","ExecutorUri":"executor://MSTestAdapter/v2","Source":"C:\\WORK\\Proyectos Elaborados Pruebas\\UtilityLibraries\\StringLibraryTests\\bin\\Debug\\net5.0\\fine-code-coverage\\build-output\\StringLibraryTests.dll","CodeFilePath":null,"LineNumber":-1,"Properties":[{"Key":{"Id":"TestCase.ManagedType","Label":"ManagedType","Category":"","Description":"","Attributes":1,"ValueType":"System.String"},"Value":"StringLibraryTests.UnitTest1"},{"Key":{"Id":"TestCase.ManagedMethod","Label":"ManagedMethod","Category":"","Description":"","Attributes":1,"ValueType":"System.String"},"Value":"TestStartsWithUpper"},{"Key":{"Id":"MSTestDiscoverer.TestClassName","Label":"ClassName","Category":"","Description":"","Attributes":1,"ValueType":"System.String"},"Value":"StringLibraryTests.UnitTest1"},{"Key":{"Id":"TestObject.Traits","Label":"Traits","Category":"","Description":"","Attributes":5,"ValueType":"System.Collections.Generic.KeyValuePair`2[[System.String],[System.String]][]"},"Value":[]}]}]}}
TpTrace Verbose: 0 : 45132, 14, 2021/11/26, 11:18:16.765, 5878366559368, vstest.console.dll, TestRunRequest:SendTestRunStatsChange: Starting.
TpTrace Verbose: 0 : 45132, 14, 2021/11/26, 11:18:16.765, 5878366560570, vstest.console.dll, InProgress is TestStartsWithUpper
TpTrace Information: 0 : 45132, 14, 2021/11/26, 11:18:16.765, 5878366561192, vstest.console.dll, TestRunRequest:SendTestRunStatsChange: Completed.
TpTrace Verbose: 0 : 45132, 14, 2021/11/26, 11:18:16.765, 5878366561503, vstest.console.dll, TcpClientExtensions.MessageLoopAsync: Polling on remoteEndPoint: 127.0.0.1:56531 localEndPoint: 127.0.0.1:56530
TpTrace Verbose: 0 : 45132, 14, 2021/11/26, 11:18:17.213, 5878371041705, vstest.console.dll, TcpClientExtensions.MessageLoopAsync: NotifyDataAvailable remoteEndPoint: 127.0.0.1:56531 localEndPoint: 127.0.0.1:56530
TpTrace Verbose: 0 : 45132, 14, 2021/11/26, 11:18:17.213, 5878371043398, vstest.console.dll, TestRequestSender.OnExecutionMessageReceived: Received message: {"Version":5,"MessageType":"TestExecution.Completed","Payload":{"TestRunCompleteArgs":{"TestRunStatistics":{"ExecutedTests":5,"Stats":{"Passed":5}},"IsCanceled":false,"IsAborted":false,"Error":null,"AttachmentSets":[],"ElapsedTimeInRunningTests":"00:00:03.2567058","Metrics":{}},"LastRunTests":{"NewTestResults":[{"TestCase":{"Id":"1d60b2be-5ce9-73f7-f560-4bf777cc6780","FullyQualifiedName":"StringLibraryTests.UnitTest1.TestStartsWithUpper","DisplayName":"TestStartsWithUpper","ExecutorUri":"executor://MSTestAdapter/v2","Source":"C:\\WORK\\Proyectos Elaborados Pruebas\\UtilityLibraries\\StringLibraryTests\\bin\\Debug\\net5.0\\fine-code-coverage\\build-output\\StringLibraryTests.dll","CodeFilePath":null,"LineNumber":-1,"Properties":[{"Key":{"Id":"TestCase.ManagedType","Label":"ManagedType","Category":"","Description":"","Attributes":1,"ValueType":"System.String"},"Value":"StringLibraryTests.UnitTest1"},{"Key":{"Id":"TestCase.ManagedMethod","Label":"ManagedMethod","Category":"","Description":"","Attributes":1,"ValueType":"System.String"},"Value":"TestStartsWithUpper"},{"Key":{"Id":"MSTestDiscoverer.TestClassName","Label":"ClassName","Category":"","Description":"","Attributes":1,"ValueType":"System.String"},"Value":"StringLibraryTests.UnitTest1"},{"Key":{"Id":"TestObject.Traits","Label":"Traits","Category":"","Description":"","Attributes":5,"ValueType":"System.Collections.Generic.KeyValuePair`2[[System.String],[System.String]][]"},"Value":[]}]},"Attachments":[],"Outcome":1,"ErrorMessage":null,"ErrorStackTrace":null,"DisplayName":null,"Messages":[],"ComputerName":null,"Duration":"00:00:00.3827455","StartTime":"2021-11-26T11:18:16.7686796-06:00","EndTime":"2021-11-26T11:18:17.1721801-06:00","Properties":[{"Key":{"Id":"ExecutionId","Label":"ExecutionId","Category":"","Description":"","Attributes":1,"ValueType":"System.Guid"},"Value":"00000000-0000-0000-0000-000000000000"},{"Key":{"Id":"ParentExecId","Label":"ParentExecId","Category":"","Description":"","Attributes":1,"ValueType":"System.Guid"},"Value":"00000000-0000-0000-0000-000000000000"},{"Key":{"Id":"InnerResultsCount","Label":"InnerResultsCount","Category":"","Description":"","Attributes":1,"ValueType":"System.Int32"},"Value":0}]},{"TestCase":{"Id":"ba062e92-ab7f-d80b-79ca-1c1dfce06568","FullyQualifiedName":"StringLibraryTests.UnitTest1.TestDoesNotStartWithUpper","DisplayName":"TestDoesNotStartWithUpper","ExecutorUri":"executor://MSTestAdapter/v2","Source":"C:\\WORK\\Proyectos Elaborados Pruebas\\UtilityLibraries\\StringLibraryTests\\bin\\Debug\\net5.0\\fine-code-coverage\\build-output\\StringLibraryTests.dll","CodeFilePath":null,"LineNumber":-1,"Properties":[{"Key":{"Id":"TestCase.ManagedType","Label":"ManagedType","Category":"","Description":"","Attributes":1,"ValueType":"System.String"},"Value":"StringLibraryTests.UnitTest1"},{"Key":{"Id":"TestCase.ManagedMethod","Label":"ManagedMethod","Category":"","Description":"","Attributes":1,"ValueType":"System.String"},"Value":"TestDoesNotStartWithUpper"},{"Key":{"Id":"MSTestDiscoverer.TestClassName","Label":"ClassName","Category":"","Description":"","Attributes":1,"ValueType":"System.String"},"Value":"StringLibraryTests.UnitTest1"},{"Key":{"Id":"TestObject.Traits","Label":"Traits","Category":"","Description":"","Attributes":5,"ValueType":"System.Collections.Generic.KeyValuePair`2[[System.String],[System.String]][]"},"Value":[]}]},"Attachments":[],"Outcome":1,"ErrorMessage":null,"ErrorStackTrace":null,"DisplayName":null,"Messages":[],"ComputerName":null,"Duration":"00:00:00.0002898","StartTime":"2021-11-26T11:18:17.1901911-06:00","EndTime":"2021-11-26T11:18:17.1909025-06:00","Properties":[{"Key":{"Id":"ExecutionId","Label":"ExecutionId","Category":"","Description":"","Attributes":1,"ValueType":"System.Guid"},"Value":"00000000-0000-0000-0000-000000000000"},{"Key":{"Id":"ParentExecId","Label":"ParentExecId","Category":"","Description":"","Attributes":1,"ValueType":"System.Guid"},"Value":"00000000-0000-0000-0000-000000000000"},{"Key":{"Id":"InnerResultsCount","Label":"InnerResultsCount","Category":"","Description":"","Attributes":1,"ValueType":"System.Int32"},"Value":0}]},{"TestCase":{"Id":"ec112bba-1c78-02d1-46b5-c260e9acd76b","FullyQualifiedName":"StringLibraryTests.UnitTest1.DirectCallWithNullOrEmpty","DisplayName":"DirectCallWithNullOrEmpty","ExecutorUri":"executor://MSTestAdapter/v2","Source":"C:\\WORK\\Proyectos Elaborados Pruebas\\UtilityLibraries\\StringLibraryTests\\bin\\Debug\\net5.0\\fine-code-coverage\\build-output\\StringLibraryTests.dll","CodeFilePath":null,"LineNumber":-1,"Properties":[{"Key":{"Id":"TestCase.ManagedType","Label":"ManagedType","Category":"","Description":"","Attributes":1,"ValueType":"System.String"},"Value":"StringLibraryTests.UnitTest1"},{"Key":{"Id":"TestCase.ManagedMethod","Label":"ManagedMethod","Category":"","Description":"","Attributes":1,"ValueType":"System.String"},"Value":"DirectCallWithNullOrEmpty"},{"Key":{"Id":"MSTestDiscoverer.TestClassName","Label":"ClassName","Category":"","Description":"","Attributes":1,"ValueType":"System.String"},"Value":"StringLibraryTests.UnitTest1"},{"Key":{"Id":"TestObject.Traits","Label":"Traits","Category":"","Description":"","Attributes":5,"ValueType":"System.Collections.Generic.KeyValuePair`2[[System.String],[System.String]][]"},"Value":[]}]},"Attachments":[],"Outcome":1,"ErrorMessage":null,"ErrorStackTrace":null,"DisplayName":null,"Messages":[],"ComputerName":null,"Duration":"00:00:00.0002703","StartTime":"2021-11-26T11:18:17.1925555-06:00","EndTime":"2021-11-26T11:18:17.1929671-06:00","Properties":[{"Key":{"Id":"ExecutionId","Label":"ExecutionId","Category":"","Description":"","Attributes":1,"ValueType":"System.Guid"},"Value":"00000000-0000-0000-0000-000000000000"},{"Key":{"Id":"ParentExecId","Label":"ParentExecId","Category":"","Description":"","Attributes":1,"ValueType":"System.Guid"},"Value":"00000000-0000-0000-0000-000000000000"},{"Key":{"Id":"InnerResultsCount","Label":"InnerResultsCount","Category":"","Description":"","Attributes":1,"ValueType":"System.Int32"},"Value":0}]},{"TestCase":{"Id":"cd072d01-dbf0-a2f7-ad4d-0db10a5cfd04","FullyQualifiedName":"StringLibraryTests.UnitTest1.TestStartsWithLower","DisplayName":"TestStartsWithLower","ExecutorUri":"executor://MSTestAdapter/v2","Source":"C:\\WORK\\Proyectos Elaborados Pruebas\\UtilityLibraries\\StringLibraryTests\\bin\\Debug\\net5.0\\fine-code-coverage\\build-output\\StringLibraryTests.dll","CodeFilePath":null,"LineNumber":-1,"Properties":[{"Key":{"Id":"TestCase.ManagedType","Label":"ManagedType","Category":"","Description":"","Attributes":1,"ValueType":"System.String"},"Value":"StringLibraryTests.UnitTest1"},{"Key":{"Id":"TestCase.ManagedMethod","Label":"ManagedMethod","Category":"","Description":"","Attributes":1,"ValueType":"System.String"},"Value":"TestStartsWithLower"},{"Key":{"Id":"MSTestDiscoverer.TestClassName","Label":"ClassName","Category":"","Description":"","Attributes":1,"ValueType":"System.String"},"Value":"StringLibraryTests.UnitTest1"},{"Key":{"Id":"TestObject.Traits","Label":"Traits","Category":"","Description":"","Attributes":5,"ValueType":"System.Collections.Generic.KeyValuePair`2[[System.String],[System.String]][]"},"Value":[]}]},"Attachments":[],"Outcome":1,"ErrorMessage":null,"ErrorStackTrace":null,"DisplayName":null,"Messages":[],"ComputerName":null,"Duration":"00:00:00.0001393","StartTime":"2021-11-26T11:18:17.1948894-06:00","EndTime":"2021-11-26T11:18:17.1951576-06:00","Properties":[{"Key":{"Id":"ExecutionId","Label":"ExecutionId","Category":"","Description":"","Attributes":1,"ValueType":"System.Guid"},"Value":"00000000-0000-0000-0000-000000000000"},{"Key":{"Id":"ParentExecId","Label":"ParentExecId","Category":"","Description":"","Attributes":1,"ValueType":"System.Guid"},"Value":"00000000-0000-0000-0000-000000000000"},{"Key":{"Id":"InnerResultsCount","Label":"InnerResultsCount","Category":"","Description":"","Attributes":1,"ValueType":"System.Int32"},"Value":0}]},{"TestCase":{"Id":"60cc6880-ff06-e67a-617b-d80134a046d5","FullyQualifiedName":"StringLibraryTests.UnitTest1.TestDoesNotStartWithLower","DisplayName":"TestDoesNotStartWithLower","ExecutorUri":"executor://MSTestAdapter/v2","Source":"C:\\WORK\\Proyectos Elaborados Pruebas\\UtilityLibraries\\StringLibraryTests\\bin\\Debug\\net5.0\\fine-code-coverage\\build-output\\StringLibraryTests.dll","CodeFilePath":null,"LineNumber":-1,"Properties":[{"Key":{"Id":"TestCase.ManagedType","Label":"ManagedType","Category":"","Description":"","Attributes":1,"ValueType":"System.String"},"Value":"StringLibraryTests.UnitTest1"},{"Key":{"Id":"TestCase.ManagedMethod","Label":"ManagedMethod","Category":"","Description":"","Attributes":1,"ValueType":"System.String"},"Value":"TestDoesNotStartWithLower"},{"Key":{"Id":"MSTestDiscoverer.TestClassName","Label":"ClassName","Category":"","Description":"","Attributes":1,"ValueType":"System.String"},"Value":"StringLibraryTests.UnitTest1"},{"Key":{"Id":"TestObject.Traits","Label":"Traits","Category":"","Description":"","Attributes":5,"ValueType":"System.Collections.Generic.KeyValuePair`2[[System.String],[System.String]][]"},"Value":[]}]},"Attachments":[],"Outcome":1,"ErrorMessage":null,"ErrorStackTrace":null,"DisplayName":null,"Messages":[],"ComputerName":null,"Duration":"00:00:00.0001517","StartTime":"2021-11-26T11:18:17.1964609-06:00","EndTime":"2021-11-26T11:18:17.1967507-06:00","Properties":[{"Key":{"Id":"ExecutionId","Label":"ExecutionId","Category":"","Description":"","Attributes":1,"ValueType":"System.Guid"},"Value":"00000000-0000-0000-0000-000000000000"},{"Key":{"Id":"ParentExecId","Label":"ParentExecId","Category":"","Description":"","Attributes":1,"ValueType":"System.Guid"},"Value":"00000000-0000-0000-0000-000000000000"},{"Key":{"Id":"InnerResultsCount","Label":"InnerResultsCount","Category":"","Description":"","Attributes":1,"ValueType":"System.Int32"},"Value":0}]}],"TestRunStatistics":{"ExecutedTests":5,"Stats":{"Passed":5}},"ActiveTests":[]},"RunAttachments":[],"ExecutorUris":["executor://mstestadapter/v2"]}}
TpTrace Verbose: 0 : 45132, 14, 2021/11/26, 11:18:17.214, 5878371054896, vstest.console.dll, TestRequestSender.EndSession: Sending end session.
TpTrace Verbose: 0 : 45132, 14, 2021/11/26, 11:18:17.214, 5878371055930, vstest.console.dll, ProxyOperationManager.Close: waiting for test host to exit for 100 ms
TpTrace Warning: 0 : 45132, 10, 2021/11/26, 11:18:17.224, 5878371150683, vstest.console.dll, TestHostManagerCallbacks.ErrorReceivedCallback Test host standard error line: 
TpTrace Verbose: 0 : 45132, 7, 2021/11/26, 11:18:17.227, 5878371180719, vstest.console.dll, TestHostProvider.ExitCallBack: Host exited starting callback.
TpTrace Information: 0 : 45132, 7, 2021/11/26, 11:18:17.227, 5878371183664, vstest.console.dll, TestHostManagerCallbacks.ExitCallBack: Testhost processId: 3092 exited with exitcode: 0 error: ''
TpTrace Verbose: 0 : 45132, 7, 2021/11/26, 11:18:17.227, 5878371184203, vstest.console.dll, DotnetTestHostManager.OnHostExited: invoking OnHostExited callback
TpTrace Verbose: 0 : 45132, 7, 2021/11/26, 11:18:17.227, 5878371184574, vstest.console.dll, CrossPlatEngine.TestHostManagerHostExited: calling on client process exit callback.
TpTrace Information: 0 : 45132, 7, 2021/11/26, 11:18:17.227, 5878371184959, vstest.console.dll, TestRequestSender.OnClientProcessExit: Test host process exited. Standard error: 
TpTrace Information: 0 : 45132, 7, 2021/11/26, 11:18:17.227, 5878371185279, vstest.console.dll, SocketServer.Stop: Stop server endPoint: 127.0.0.1:56530
TpTrace Warning: 0 : 45132, 14, 2021/11/26, 11:18:17.227, 5878371185332, vstest.console.dll, ProxyOperationManager: Timed out waiting for test host to exit. Will terminate process.
TpTrace Information: 0 : 45132, 7, 2021/11/26, 11:18:17.227, 5878371185493, vstest.console.dll, SocketServer.Stop: Cancellation requested. Stopping message loop.
TpTrace Verbose: 0 : 45132, 14, 2021/11/26, 11:18:17.228, 5878371192202, vstest.console.dll, ProxyDataCollectionManager.InvokeDataCollectionServiceAction: Starting.
TpTrace Information: 0 : 45132, 14, 2021/11/26, 11:18:17.228, 5878371192618, vstest.console.dll, ProxyDataCollectionManager.AfterTestRunEnd: Get attachment set for datacollector processId: 18520 port: 56527
TpTrace Verbose: 0 : 45132, 14, 2021/11/26, 11:18:17.228, 5878371193016, vstest.console.dll, DataCollectionRequestSender.SendAfterTestRunStartAndGetResult : Send AfterTestRunEnd message with isCancelled: False
TpTrace Verbose: 0 : 45132, 14, 2021/11/26, 11:18:17.231, 5878371220008, vstest.console.dll, DataCollectionRequestSender.SendAfterTestRunStartAndGetResult : Received message: (DataCollection.AfterTestRunEndResult) -> {
  "AttachmentSets": [],
  "Metrics": {}
}
TpTrace Information: 0 : 45132, 14, 2021/11/26, 11:18:17.233, 5878371242768, vstest.console.dll, ProxyDataCollectionManager.InvokeDataCollectionServiceAction: Completed.
TpTrace Warning: 0 : 45132, 9, 2021/11/26, 11:18:17.234, 5878371257641, vstest.console.dll, DataCollectionLauncher.ErrorReceivedCallback datacollector standard error line: 
TpTrace Information: 0 : 45132, 7, 2021/11/26, 11:18:17.238, 5878371288061, vstest.console.dll, DataCollectionLauncher.ExitCallBack: Data collector exited with exitcode: 0 error: ''
TpTrace Verbose: 0 : 45132, 14, 2021/11/26, 11:18:17.264, 5878371557587, vstest.console.dll, TestRunRequest:SendTestRunStatsChange: Starting.
TpTrace Information: 0 : 45132, 14, 2021/11/26, 11:18:17.265, 5878371559615, vstest.console.dll, TestRunRequest:SendTestRunStatsChange: Completed.
TpTrace Verbose: 0 : 45132, 14, 2021/11/26, 11:18:17.265, 5878371561011, vstest.console.dll, ParallelProxyExecutionManager: HandlePartialRunComplete: Total completed clients = 1, Run complete = True, Run canceled: False.
TpTrace Verbose: 0 : 45132, 14, 2021/11/26, 11:18:17.280, 5878371717475, vstest.console.dll, TestRunRequest:TestRunComplete: Starting. IsAborted:False IsCanceled:False.
TpTrace Verbose: 0 : 45132, 14, 2021/11/26, 11:18:17.281, 5878371720519, vstest.console.dll, TestLoggerManager.HandleTestRunComplete: Ignoring as the object is disposed.
TpTrace Information: 0 : 45132, 14, 2021/11/26, 11:18:17.281, 5878371723538, vstest.console.dll, TestRunRequest:TestRunComplete: Completed.
TpTrace Verbose: 0 : 45132, 1, 2021/11/26, 11:18:17.281, 5878371723874, vstest.console.dll, TestRunRequest.Dispose: Starting.
TpTrace Verbose: 0 : 45132, 14, 2021/11/26, 11:18:17.281, 5878371723940, vstest.console.dll, TestRequestSender.SetOperationComplete: Setting operation complete.
TpTrace Information: 0 : 45132, 14, 2021/11/26, 11:18:17.281, 5878371725323, vstest.console.dll, SocketServer.Stop: Stop server endPoint: 127.0.0.1:56530
TpTrace Information: 0 : 45132, 1, 2021/11/26, 11:18:17.281, 5878371724915, vstest.console.dll, TestRunRequest.Dispose: Completed.
TpTrace Information: 0 : 45132, 1, 2021/11/26, 11:18:17.281, 5878371726053, vstest.console.dll, TestRequestManager.RunTests: run tests completed.
TpTrace Information: 0 : 45132, 14, 2021/11/26, 11:18:17.281, 5878371725577, vstest.console.dll, SocketServer.Stop: Cancellation requested. Stopping message loop.
TpTrace Information: 0 : 45132, 14, 2021/11/26, 11:18:17.281, 5878371727122, vstest.console.dll, SocketServer.PrivateStop: Stop server endPoint: 127.0.0.1:56530 error: 
TpTrace Information: 0 : 45132, 1, 2021/11/26, 11:18:17.281, 5878371726663, vstest.console.dll, RunTestsArgumentProcessor:Execute: Test run is completed.
TpTrace Verbose: 0 : 45132, 1, 2021/11/26, 11:18:17.282, 5878371729705, vstest.console.dll, Executor.Execute: Exiting with exit code of 0
TpTrace Verbose: 0 : 45132, 14, 2021/11/26, 11:18:17.282, 5878371732775, vstest.console.dll, LengthPrefixCommunicationChannel.Dispose: Dispose reader and writer.
TpTrace Information: 0 : 45132, 14, 2021/11/26, 11:18:17.282, 5878371733311, vstest.console.dll, SocketServer.Stop: Raise disconnected event endPoint: 127.0.0.1:56530 error: 
TpTrace Verbose: 0 : 45132, 14, 2021/11/26, 11:18:17.282, 5878371733771, vstest.console.dll, TestRequestSender: OnTestRunAbort: Operation is already complete. Skip error message.
